Thu Dec 06 20:03:36 2012

Project path: E:\Electronique\telepact\Cube\Default\default.icdb

Loaded cns info: C:\MentorGraphics\7.9.4EE\SDD_HOME\standard\ce_ee.cns=7.10.24;C:\MentorGraphics\user.cns=f0e7-34da-bbe1-dbe9-bc9e-0c00-d9e0-c050-50cd-7d3d-0dfc-fbf5
Before global upgrade from version: 7.10.23 to version: 7.10.24

Constraints definition "DSN_DESIGN_CENTER" added.
BeforeGlobalUpgrade took 15ms, 0s

Upgrade snapshot DCDV
UpgradeSnapshot took 0ms, 0s

After global upgrade
AfterGlobalUpgrade took 0ms, 0s

Thu Dec 06 20:03:36 2012

Project path: E:\Electronique\telepact\Cube\Default\default.icdb

Loaded cns info: C:\MentorGraphics\7.9.4EE\SDD_HOME\standard\ce_ee.cns=7.10.24;C:\MentorGraphics\user.cns=f0e7-34da-bbe1-dbe9-bc9e-0c00-d9e0-c050-50cd-7d3d-0dfc-fbf5
Before global upgrade from version: 7.10.23 to version: 7.10.24

Constraints definition "DSN_DESIGN_CENTER" added.
BeforeGlobalUpgrade took 16ms, 0s

Upgrade snapshot DCDV
UpgradeSnapshot took 0ms, 0s

After global upgrade
AfterGlobalUpgrade took 0ms, 0s

