Environment Variables:

ALLUSERSPROFILE=C:\Documents and Settings\All Users
AMPLE_PATH=C:\MentorGraphics\7.9EE\SDD_HOME\hssd\analysis\lib\qexp\mgc\userware;C:\MentorGraphics\7.9.3EE\SDD_HOME\hssd\analysis\lib\qexp\mgc\userware
APPDATA=C:\Documents and Settings\Alexis\Application Data
CLIENTNAME=Console
CommonProgramFiles=C:\Program Files\Fichiers communs
COMPUTERNAME=LUTIN2
ComSpec=C:\WINDOWS\system32\cmd.exe
CORE_INSTALLED=Y
CURCONFIGNAME=Schematic1
CURDESIGNNAME=PCB_Layout_Temp
CURPROJNAME=
CURPROJPATH=
DRC_SITE_DIR=C:\MentorGraphics\7.9.3EE\SDD_HOME\hssd\quietexpert\drc\standard
DRC_UMR_DIR=C:\MentorGraphics\7.9.3EE\SDD_HOME\hssd\quietexpert\drc\umr
DX_ROOT=C:\MentorGraphics\7.9.3EE\SDD_HOME\sim\DxSim\
ELDO_FLOW=sim
epdarglist=/PrjPath "C:\Documents and Settings\Alexis\Mes documents\Enseignement\elecinf344\2012\SaMoRa\PCB_base_station\PCB_base_station.prj" /SnapshotName "PCB_Layout_Temp" /TopBlockName "Schematic1" /Context ExpeditionPCB
EZP_HOME=C:\MentorGraphics\7.9.3EE\MGC_HOME.ixn/pkgs/ezprint_base
EZP_USER_HOME=C:\Documents and Settings\Alexis\Application Data
FP_NO_HOST_CHECK=NO
HOMEDRIVE=C:
HOMEPATH=\Documents and Settings\Alexis
HYP_HOME=C:\MentorGraphics\2010.1HL\SDD_HOME\hyperlynx
LM_LICENSE_FILE=1717@localhost
LOGONSERVER=\\LUTIN2
MGC_HOME=C:\MentorGraphics\7.9.3EE\MGC_HOME.ixn
MGC_HOMEBS=C:\MentorGraphics\7.9EE\MGC_HOME.ixn
MGC_ICDB_WG_MODE=1
MGC_IO_DESIGNER_HOME=C:\MentorGraphics\7.9EE\SDD_HOME\IODesigner
MGC_PCB_FILE_PATH_FOR_ICDB_DESIGN=C:\Documents and Settings\Alexis\Mes documents\Enseignement\elecinf344\2012\SaMoRa\PCB_base_station\PCB\TP.pcb
NUMBER_OF_PROCESSORS=1
OS=Windows_NT
Path=C:\MentorGraphics\7.9.3EE\SDD_HOME\wg\help;C:\MentorGraphics\7.9.3EE\SDD_HOME\common\win32\bin;C:\MentorGraphics\7.9.3EE\SDD_HOME\common\win32\lib;C:\MentorGraphics\7.9.3EE\SDD_HOME\common\win32\_bin;C:\MentorGraphics\7.9.3EE\SDD_HOME\wg\win32\bin;C:\MentorGraphics\7.9.3EE\SDD_HOME\wg\win32\lib;C:\MentorGraphics\7.9.3EE\SDD_HOME\common\win32\bin;C:\MentorGraphics\7.9.3EE\SDD_HOME\common\win32\lib;C:\MentorGraphics\7.9.3EE\MGC_HOME.ixn\bin;C:\MentorGraphics\7.9.3EE\MGC_HOME.ixn\lib;C:\WINDOWS\system32;C:\WINDOWS;C:\WINDOWS\System32\Wbem;C:\MentorGraphics\7.9.3EE\MGC_HOME.ixn/bin;C:\MentorGraphics\7.9.3EE\MGC_HOME.ixn/lib;C:\MentorGraphics\7.9EE\MGC_HOME.ixn\bin;C:\MentorGraphics\7.9EE\MGC_HOME.ixn\lib;C:\MENTOR~1\LICENS~1;C:\Program Files\TortoiseGit\bin;
PATHEXT=.COM;.EXE;.BAT;.CMD;.VBS;.VBE;.JS;.JSE;.WSF;.WSH
perlinterp=C:\MentorGraphics\7.9.3EE\SDD_HOME\common\win32\perl\bin\perl
PROCESSOR_ARCHITECTURE=x86
PROCESSOR_IDENTIFIER=x86 Family 6 Model 23 Stepping 10, GenuineIntel
PROCESSOR_LEVEL=6
PROCESSOR_REVISION=170a
ProgramFiles=C:\Program Files
PROMPT=$P$G
QUADBIN=C:\MentorGraphics\7.9.3EE\SDD_HOME\hssd\analysis\exec\nt_4
QUADHOME=C:\MentorGraphics\7.9.3EE\SDD_HOME\hssd\analysis
SDD_CES=ces
SDD_CES_BIN=C:\MentorGraphics\7.9.3EE\SDD_HOME\ces\win32\bin
SDD_COMMON_BIN=C:\MentorGraphics\7.9.3EE\SDD_HOME\common\win32\bin
SDD_DOC_UTILS=doc_utils
SDD_DX=dx
SDD_DXSIM=dxsim
SDD_HOME=C:\MentorGraphics\7.9.3EE\SDD_HOME
SDD_HSSD=hssd
SDD_ICDB=iCDB
SDD_JAVA_HOME=C:\MentorGraphics\7.9.3EE\SDD_HOME\common\win32\jre\default\bin\javaw.exe
SDD_LM=lm
SDD_LM_BIN=C:\MentorGraphics\7.9.3EE\SDD_HOME\lm\win32\bin
SDD_LOCAL=C:\Documents and Settings\All Users\Application Data\mgc\win32\7.9.3EE
SDD_MGC_HOME=..\MGC_HOME.ixn
SDD_PLATFORM=win32
SDD_RF=rf
SDD_SIM=sim
SDD_START=start
SDD_STARTBAT=start /b /wait
SDD_VERSION=7.9.3EE
SDD_VIEWER_HOME=C:\MentorGraphics\7.9.3EE\MGC_HOME.ixn\lib
SDD_VLPERL_BIN=C:\MentorGraphics\7.9.3EE\SDD_HOME\common\win32\perl\bin
SDD_WDBSERVER_HOME=C:\MentorGraphics\7.9.3EE\MGC_HOME.ixn\lib
SDD_WG=wg
SDD_WV=wv
SDD_XE=xe
SELPROJ=
SESSIONNAME=Console
SystemDrive=C:
SystemRoot=C:\WINDOWS
TEMP=C:\DOCUME~1\Alexis\LOCALS~1\Temp
TMP=C:\DOCUME~1\Alexis\LOCALS~1\Temp
USERDOMAIN=LUTIN2
USERNAME=Alexis
USERPROFILE=C:\Documents and Settings\Alexis
WDIR=C:\Documents and Settings\Alexis\Mes documents\WDIR;C:\MentorGraphics\7.9EE\SDD_HOME\standard;C:\MentorGraphics\7.9.3EE\SDD_HOME\standard
WF_CLASSPATH=C:\MentorGraphics\7.9.3EE\SDD_HOME\common\win32\lib
windir=C:\WINDOWS
