--------------------------------------------------------------------------------
 Project integration - START (2014-03-29 01:53:36) 
--------------------------------------------------------------------------------
FE snapshot name: DCDV
BE snapshot name: PCB_Layout_Temp
Top level block: (2-1-5)
Parameters: FAConstraints,FEWin,
--------------------------------------------------------------------------------
--------------------------------------------------------------------------------
 CES synchronization - START (2014-03-29 01:53:36) 
--------------------------------------------------------------------------------

--------------------------------------------------------------------------------
 TOPOLOGY synchronization - START (2014-03-29 01:53:36) 
--------------------------------------------------------------------------------
--------------------------------------------------------------------------------
 TOPOLOGY synchronization - END (2014-03-29 01:53:36) 
--------------------------------------------------------------------------------
--------------------------------------------------------------------------------
 CES synchronization - END (2014-03-29 01:53:36) 
--------------------------------------------------------------------------------
--------------------------------------------------------------------------------
 Project integration - END (2014-03-29 01:53:36) 
--------------------------------------------------------------------------------
