--------------------------------------------------------------------------------
 Project integration - START (2014-03-27 20:14:07) 
--------------------------------------------------------------------------------
FE snapshot name: DCDV
BE snapshot name: PCB_Layout_Temp
Top level block: (2-1-5)
Parameters: FAConstraints,FEWin,
--------------------------------------------------------------------------------
--------------------------------------------------------------------------------
 CES synchronization - START (2014-03-27 20:14:07) 
--------------------------------------------------------------------------------

--------------------------------------------------------------------------------
 TOPOLOGY synchronization - START (2014-03-27 20:14:07) 
--------------------------------------------------------------------------------
--------------------------------------------------------------------------------
 TOPOLOGY synchronization - END (2014-03-27 20:14:07) 
--------------------------------------------------------------------------------
[Skipped][Addition] - [FE->BE] [P: CesPart,10-0103,(906-1-53)] [O: CesConstraint,PART_TYPE,(906-1-22)]
[Skipped][Addition] - [FE->BE] [P: CesPart,10-0103,(906-1-53)] [O: CesConstraint,DEF_VALUE,(906-2-22)]
[Skipped][Addition] - [FE->BE] [P: CesPart,10-0014,(906-2-53)] [O: CesConstraint,PART_TYPE,(906-3-22)]
[Skipped][Addition] - [FE->BE] [P: CesPart,10-0014,(906-2-53)] [O: CesConstraint,DEF_VALUE,(906-4-22)]
[Skipped][Addition] - [FE->BE] [P: CesPart,10-0003,(906-3-53)] [O: CesConstraint,PART_TYPE,(906-5-22)]
[Skipped][Addition] - [FE->BE] [P: CesPart,10-0003,(906-3-53)] [O: CesConstraint,DEF_VALUE,(906-6-22)]
[Skipped][Addition] - [FE->BE] [P: CesPart,10-0041,(906-4-53)] [O: CesConstraint,PART_TYPE,(906-7-22)]
[Skipped][Addition] - [FE->BE] [P: CesPart,10-0041,(906-4-53)] [O: CesConstraint,DEF_VALUE,(906-8-22)]
[Skipped][Addition] - [FE->BE] [P: CesPart,10-0011,(906-5-53)] [O: CesConstraint,PART_TYPE,(906-9-22)]
[Skipped][Addition] - [FE->BE] [P: CesPart,10-0011,(906-5-53)] [O: CesConstraint,DEF_VALUE,(906-10-22)]
[Skipped][Addition] - [FE->BE] [P: CesComp,C4,(906-1-51)] [O: CesConstraint,DEF_VALUE,(906-11-22)]
[Skipped][Addition] - [FE->BE] [P: CesComp,C4,(906-1-51)] [O: CesConstraint,HLT_POWER_SCALING_FACT,(906-12-22)]
[Skipped][Addition] - [FE->BE] [P: CesComp,C4,(906-1-51)] [O: CesConstraint,SERIES,(906-13-22)]
[Skipped][Addition] - [FE->BE] [P: CesComp,C5,(906-2-51)] [O: CesConstraint,DEF_VALUE,(906-14-22)]
[Skipped][Addition] - [FE->BE] [P: CesComp,C5,(906-2-51)] [O: CesConstraint,HLT_POWER_SCALING_FACT,(906-15-22)]
[Skipped][Addition] - [FE->BE] [P: CesComp,C5,(906-2-51)] [O: CesConstraint,SERIES,(906-16-22)]
[Skipped][Addition] - [FE->BE] [P: CesComp,C6,(906-3-51)] [O: CesConstraint,DEF_VALUE,(906-17-22)]
[Skipped][Addition] - [FE->BE] [P: CesComp,C6,(906-3-51)] [O: CesConstraint,HLT_POWER_SCALING_FACT,(906-18-22)]
[Skipped][Addition] - [FE->BE] [P: CesComp,C6,(906-3-51)] [O: CesConstraint,SERIES,(906-19-22)]
[Skipped][Addition] - [FE->BE] [P: CesComp,R19,(906-4-51)] [O: CesConstraint,DEF_VALUE,(906-20-22)]
[Skipped][Addition] - [FE->BE] [P: CesComp,R19,(906-4-51)] [O: CesConstraint,HLT_POWER_SCALING_FACT,(906-21-22)]
[Skipped][Addition] - [FE->BE] [P: CesComp,R19,(906-4-51)] [O: CesConstraint,SERIES,(906-22-22)]
[Skipped][Addition] - [FE->BE] [P: CesComp,C10,(906-5-51)] [O: CesConstraint,DEF_VALUE,(906-23-22)]
[Skipped][Addition] - [FE->BE] [P: CesComp,C10,(906-5-51)] [O: CesConstraint,HLT_POWER_SCALING_FACT,(906-24-22)]
[Skipped][Addition] - [FE->BE] [P: CesComp,C10,(906-5-51)] [O: CesConstraint,SERIES,(906-25-22)]
[Skipped][Addition] - [FE->BE] [P: CesComp,C11,(906-6-51)] [O: CesConstraint,DEF_VALUE,(906-26-22)]
[Skipped][Addition] - [FE->BE] [P: CesComp,C11,(906-6-51)] [O: CesConstraint,HLT_POWER_SCALING_FACT,(906-27-22)]
[Skipped][Addition] - [FE->BE] [P: CesComp,C11,(906-6-51)] [O: CesConstraint,SERIES,(906-28-22)]
[Skipped][Addition] - [FE->BE] [P: CesComp,C13,(906-7-51)] [O: CesConstraint,DEF_VALUE,(906-29-22)]
[Skipped][Addition] - [FE->BE] [P: CesComp,C13,(906-7-51)] [O: CesConstraint,HLT_POWER_SCALING_FACT,(906-30-22)]
[Skipped][Addition] - [FE->BE] [P: CesComp,C13,(906-7-51)] [O: CesConstraint,SERIES,(906-31-22)]
[Skipped][Addition] - [FE->BE] [P: CesComp,C14,(906-8-51)] [O: CesConstraint,DEF_VALUE,(906-32-22)]
[Skipped][Addition] - [FE->BE] [P: CesComp,C14,(906-8-51)] [O: CesConstraint,HLT_POWER_SCALING_FACT,(906-33-22)]
[Skipped][Addition] - [FE->BE] [P: CesComp,C14,(906-8-51)] [O: CesConstraint,SERIES,(906-34-22)]
[Skipped][Addition] - [FE->BE] [P: CesComp,C15,(906-9-51)] [O: CesConstraint,DEF_VALUE,(906-35-22)]
[Skipped][Addition] - [FE->BE] [P: CesComp,C15,(906-9-51)] [O: CesConstraint,HLT_POWER_SCALING_FACT,(906-36-22)]
[Skipped][Addition] - [FE->BE] [P: CesComp,C15,(906-9-51)] [O: CesConstraint,SERIES,(906-37-22)]
[Skipped][Addition] - [FE->BE] [P: CesComp,C16,(906-10-51)] [O: CesConstraint,DEF_VALUE,(906-38-22)]
[Skipped][Addition] - [FE->BE] [P: CesComp,C16,(906-10-51)] [O: CesConstraint,HLT_POWER_SCALING_FACT,(906-39-22)]
[Skipped][Addition] - [FE->BE] [P: CesComp,C16,(906-10-51)] [O: CesConstraint,SERIES,(906-40-22)]
[Skipped][Addition] - [FE->BE] [P: CesComp,C17,(906-11-51)] [O: CesConstraint,DEF_VALUE,(906-41-22)]
[Skipped][Addition] - [FE->BE] [P: CesComp,C17,(906-11-51)] [O: CesConstraint,HLT_POWER_SCALING_FACT,(906-42-22)]
[Skipped][Addition] - [FE->BE] [P: CesComp,C17,(906-11-51)] [O: CesConstraint,SERIES,(906-43-22)]
[Skipped][Addition] - [FE->BE] [P: CesComp,C18,(906-12-51)] [O: CesConstraint,DEF_VALUE,(906-44-22)]
[Skipped][Addition] - [FE->BE] [P: CesComp,C18,(906-12-51)] [O: CesConstraint,HLT_POWER_SCALING_FACT,(906-45-22)]
[Skipped][Addition] - [FE->BE] [P: CesComp,C18,(906-12-51)] [O: CesConstraint,SERIES,(906-46-22)]
[Skipped][Addition] - [FE->BE] [P: CesComp,C19,(906-13-51)] [O: CesConstraint,DEF_VALUE,(906-47-22)]
[Skipped][Addition] - [FE->BE] [P: CesComp,C19,(906-13-51)] [O: CesConstraint,HLT_POWER_SCALING_FACT,(906-48-22)]
[Skipped][Addition] - [FE->BE] [P: CesComp,C19,(906-13-51)] [O: CesConstraint,SERIES,(906-49-22)]
[Skipped][Addition] - [FE->BE] [P: CesComp,C4,(906-1-51)] [O: CesConstraint,PACKAGED_COMP,(906-50-22)]
[Skipped][Addition] - [FE->BE] [P: CesComp,C5,(906-2-51)] [O: CesConstraint,PACKAGED_COMP,(906-51-22)]
[Skipped][Addition] - [FE->BE] [P: CesComp,C6,(906-3-51)] [O: CesConstraint,PACKAGED_COMP,(906-52-22)]
[Skipped][Addition] - [FE->BE] [P: CesComp,R19,(906-4-51)] [O: CesConstraint,PACKAGED_COMP,(906-53-22)]
[Skipped][Addition] - [FE->BE] [P: CesComp,C10,(906-5-51)] [O: CesConstraint,PACKAGED_COMP,(906-54-22)]
[Skipped][Addition] - [FE->BE] [P: CesComp,C11,(906-6-51)] [O: CesConstraint,PACKAGED_COMP,(906-55-22)]
[Skipped][Addition] - [FE->BE] [P: CesComp,C13,(906-7-51)] [O: CesConstraint,PACKAGED_COMP,(906-56-22)]
[Skipped][Addition] - [FE->BE] [P: CesComp,C14,(906-8-51)] [O: CesConstraint,PACKAGED_COMP,(906-57-22)]
[Skipped][Addition] - [FE->BE] [P: CesComp,C15,(906-9-51)] [O: CesConstraint,PACKAGED_COMP,(906-58-22)]
[Skipped][Addition] - [FE->BE] [P: CesComp,C16,(906-10-51)] [O: CesConstraint,PACKAGED_COMP,(906-59-22)]
[Skipped][Addition] - [FE->BE] [P: CesComp,C17,(906-11-51)] [O: CesConstraint,PACKAGED_COMP,(906-60-22)]
[Skipped][Addition] - [FE->BE] [P: CesComp,C18,(906-12-51)] [O: CesConstraint,PACKAGED_COMP,(906-61-22)]
[Skipped][Addition] - [FE->BE] [P: CesComp,C19,(906-13-51)] [O: CesConstraint,PACKAGED_COMP,(906-62-22)]
--------------------------------------------------------------------------------
 CES synchronization - END (2014-03-27 20:14:07) 
--------------------------------------------------------------------------------
--------------------------------------------------------------------------------
 Project integration - END (2014-03-27 20:14:07) 
--------------------------------------------------------------------------------
