--------------------------------------------------------------------------------
 Project integration - START (2014-03-11 01:45:24) 
--------------------------------------------------------------------------------
FE snapshot name: DCDV
BE snapshot name: PCB_Layout_Temp
Top level block: (2-1-5)
Parameters: BAConnectivity,BAConstraints,FEWin,
--------------------------------------------------------------------------------
--------------------------------------------------------------------------------
 Connection synchronization - START (2014-03-11 01:45:24) 
--------------------------------------------------------------------------------
[Ok][Modification] - [BE->FE] [P: Block,Schematic1,(2-1-5)] [O: FlatComp,STM32F103CB;12,(43-9-8)]
	Property: Cell Name, Operation: Change
--------------------------------------------------------------------------------
 Connection synchronization - END (2014-03-11 01:45:24) 
--------------------------------------------------------------------------------
--------------------------------------------------------------------------------
 CES synchronization - START (2014-03-11 01:45:24) 
--------------------------------------------------------------------------------
[Ok][Deletion] - [BE->FE] [P: CesDesign,CesDesign,(2-1-21)] [O: CesVia,VIA0.65,(562-2-62)]
[Ok][Deletion] - [BE->FE] [P: CesDesign,CesDesign,(2-1-21)] [O: CesVia,026VIA,(970-1-62)]

--------------------------------------------------------------------------------
 TOPOLOGY synchronization - START (2014-03-11 01:45:24) 
--------------------------------------------------------------------------------
--------------------------------------------------------------------------------
 TOPOLOGY synchronization - END (2014-03-11 01:45:24) 
--------------------------------------------------------------------------------
[Ok][Modification] - [BE->FE] [P: CesLayerRule,CesLayerRule,(4-1-40)] [O: CesConstraint,TYP_TRACE_WIDTH,(4-84-22)]
[Ok][Modification] - [BE->FE] [P: CesLayerRule,CesLayerRule,(4-3-40)] [O: CesConstraint,TYP_TRACE_WIDTH,(4-90-22)]
[Ok][Modification] - [BE->FE] [P: CesSchemeNetClassRule,(Default),(2-1-38)] [O: CesConstraint,TYP_TRACE_WIDTH,(162-1-22)]
--------------------------------------------------------------------------------
 CES synchronization - END (2014-03-11 01:45:24) 
--------------------------------------------------------------------------------
--------------------------------------------------------------------------------
 VMVariant synchronization - START (2014-03-11 01:45:24) 
--------------------------------------------------------------------------------
--------------------------------------------------------------------------------
 VMVariant synchronization - END (2014-03-11 01:45:24) 
--------------------------------------------------------------------------------
--------------------------------------------------------------------------------
 Project integration - END (2014-03-11 01:45:24) 
--------------------------------------------------------------------------------
